<?xml version="1.0" encoding="UTF-8"?>
<!-- Generated by org.testng.reporters.JUnitXMLReporter -->
<testsuite hostname="DESKTOP-E0LIMUF" ignored="0" name="Default test" tests="5" failures="0" timestamp="27 Jan 2019 20:46:32 GMT" time="63.818" errors="0">
  <testcase name="AtHomePage" time="6.504" classname="Selenium.Tests.StartWarsTest"/>
  <testcase name="NavigateFromHomePageToFilmsPageToVideosPage" time="8.93" classname="Selenium.Tests.StartWarsTest"/>
  <testcase name="NavigateFromFilmsPageToHomePage" time="5.144" classname="Selenium.Tests.StartWarsTest"/>
  <testcase name="NavigateFromVideosPageToHomePage" time="5.386" classname="Selenium.Tests.StartWarsTest"/>
  <testcase name="InvalidUrl" time="31.602" classname="Selenium.Tests.StartWarsTest"/>
</testsuite> <!-- Default test -->
