<?xml version="1.0" encoding="UTF-8"?>
<testng-results skipped="0" failed="0" ignored="0" total="5" passed="5">
  <reporter-output>
  </reporter-output>
  <suite name="Default suite" duration-ms="63818" started-at="2019-01-27T20:45:29Z" finished-at="2019-01-27T20:46:32Z">
    <groups>
    </groups>
    <test name="Default test" duration-ms="63818" started-at="2019-01-27T20:45:29Z" finished-at="2019-01-27T20:46:32Z">
      <class name="Selenium.Tests.StartWarsTest">
        <test-method status="PASS" signature="setUp()[pri:0, instance:Selenium.Tests.StartWarsTest@1e802ef9]" name="setUp" is-config="true" duration-ms="5243" started-at="2019-01-27T14:45:29Z" finished-at="2019-01-27T14:45:34Z">
          <reporter-output>
          </reporter-output>
        </test-method> <!-- setUp -->
        <test-method status="PASS" signature="AtHomePage()[pri:1, instance:Selenium.Tests.StartWarsTest@1e802ef9]" name="AtHomePage" duration-ms="6504" started-at="2019-01-27T14:45:34Z" finished-at="2019-01-27T14:45:40Z">
          <reporter-output>
          </reporter-output>
        </test-method> <!-- AtHomePage -->
        <test-method status="PASS" signature="NavigateFromHomePageToFilmsPageToVideosPage()[pri:2, instance:Selenium.Tests.StartWarsTest@1e802ef9]" name="NavigateFromHomePageToFilmsPageToVideosPage" duration-ms="8930" started-at="2019-01-27T14:45:40Z" finished-at="2019-01-27T14:45:49Z">
          <reporter-output>
          </reporter-output>
        </test-method> <!-- NavigateFromHomePageToFilmsPageToVideosPage -->
        <test-method status="PASS" signature="NavigateFromFilmsPageToHomePage()[pri:3, instance:Selenium.Tests.StartWarsTest@1e802ef9]" name="NavigateFromFilmsPageToHomePage" duration-ms="5144" started-at="2019-01-27T14:45:49Z" finished-at="2019-01-27T14:45:54Z">
          <reporter-output>
          </reporter-output>
        </test-method> <!-- NavigateFromFilmsPageToHomePage -->
        <test-method status="PASS" signature="NavigateFromVideosPageToHomePage()[pri:4, instance:Selenium.Tests.StartWarsTest@1e802ef9]" name="NavigateFromVideosPageToHomePage" duration-ms="5386" started-at="2019-01-27T14:45:54Z" finished-at="2019-01-27T14:46:00Z">
          <reporter-output>
          </reporter-output>
        </test-method> <!-- NavigateFromVideosPageToHomePage -->
        <test-method status="PASS" signature="InvalidUrl()[pri:5, instance:Selenium.Tests.StartWarsTest@1e802ef9]" name="InvalidUrl" duration-ms="31602" started-at="2019-01-27T14:46:00Z" finished-at="2019-01-27T14:46:31Z">
          <reporter-output>
          </reporter-output>
        </test-method> <!-- InvalidUrl -->
        <test-method status="PASS" signature="afterTest()[pri:0, instance:Selenium.Tests.StartWarsTest@1e802ef9]" name="afterTest" is-config="true" duration-ms="967" started-at="2019-01-27T14:46:31Z" finished-at="2019-01-27T14:46:32Z">
          <reporter-output>
          </reporter-output>
        </test-method> <!-- afterTest -->
      </class> <!-- Selenium.Tests.StartWarsTest -->
    </test> <!-- Default test -->
  </suite> <!-- Default suite -->
</testng-results>
